<?xml version="1.0" encoding="utf-8"?><testsuites name="pytest tests"><testsuite name="pytest" errors="0" failures="0" skipped="0" tests="10" time="7.741" timestamp="2026-04-04T16:31:15.528251+00:00" hostname="agent-env-f80876e6-b7f4-4587-a15a-33bdfa993eb2"><testcase classname="backend.tests.test_daily_verse_api.TestDailyVerseAPI" name="test_root_status" time="0.245" /><testcase classname="backend.tests.test_daily_verse_api.TestDailyVerseAPI" name="test_signup_and_me" time="0.653" /><testcase classname="backend.tests.test_daily_verse_api.TestDailyVerseAPI" name="test_login_demo_success" time="0.622" /><testcase classname="backend.tests.test_daily_verse_api.TestDailyVerseAPI" name="test_today_verse_bilingual" time="0.778" /><testcase classname="backend.tests.test_daily_verse_api.TestDailyVerseAPI" name="test_refresh_verse_returns_new_card" time="4.361" /><testcase classname="backend.tests.test_daily_verse_api.TestDailyVerseAPI" name="test_favorite_toggle_and_list" time="0.237" /><testcase classname="backend.tests.test_daily_verse_api.TestDailyVerseAPI" name="test_history_list_and_open_by_id" time="0.101" /><testcase classname="backend.tests.test_daily_verse_api.TestDailyVerseAPI" name="test_settings_update_and_persist" time="0.105" /><testcase classname="backend.tests.test_daily_verse_api.TestDailyVerseAPI" name="test_mark_reading_updates_streak" time="0.223" /><testcase classname="backend.tests.test_daily_verse_api.TestDailyVerseAPI" name="test_push_register_and_send_endpoints" time="0.387" /></testsuite></testsuites>